No custom config.js found, loading config.default.js
Welcome to mongo-express
------------------------


Mongo Express server listening at http://localhost:8081
[31mbasicAuth credentials are "admin:pass", it is recommended you change this in your config.js![39m
Database connected
Connected to local...
[0mGET / [32m200 [0m31.090 ms - 5728[0m
[0mGET /public/css/bootstrap.min.css [32m200 [0m55.379 ms - 121200[0m
[0mGET /public/css/style.css [32m200 [0m21.036 ms - 1838[0m
[0mGET /public/css/bootstrap-theme.min.css [32m200 [0m26.103 ms - 23409[0m
[0mGET /public/vendor-a8e3834f619fa21a78e4.min.js [32m200 [0m0.608 ms - 125889[0m
[0mGET /public/index-512f467a07c538127931.min.js [32m200 [0m0.497 ms - 1042[0m
[0mGET /public/img/mongo-express-logo.png [32m200 [0m2.722 ms - 17847[0m
[0mGET /public/img/gears.gif [32m200 [0m0.961 ms - 50281[0m
[0mGET /public/fonts/glyphicons-halflings-regular.woff2 [32m200 [0m0.499 ms - 18028[0m
[0mGET /db/local/ [32m200 [0m305.898 ms - 8157[0m
[0mGET /public/css/bootstrap.min.css [36m304 [0m1.032 ms - -[0m
[0mGET /public/css/bootstrap-theme.min.css [36m304 [0m0.584 ms - -[0m
[0mGET /public/css/style.css [36m304 [0m0.358 ms - -[0m
[0mGET /public/img/mongo-express-logo.png [36m304 [0m0.525 ms - -[0m
[0mGET /public/img/gears.gif [36m304 [0m0.648 ms - -[0m
[0mGET /public/vendor-a8e3834f619fa21a78e4.min.js [36m304 [0m0.461 ms - -[0m
[0mGET /public/database-167b4c87caec78f060c1.min.js [32m200 [0m2.340 ms - 1118[0m
[0mGET /public/fonts/glyphicons-halflings-regular.woff2 [36m304 [0m1.582 ms - -[0m
[0mPOST /db/local/ [36m302 [0m21.065 ms - 106[0m
[0mGET /db/local/ [32m200 [0m13.001 ms - 8343[0m
[0mGET /public/css/bootstrap.min.css [36m304 [0m1.898 ms - -[0m
[0mGET /public/css/style.css [36m304 [0m1.972 ms - -[0m
[0mGET /public/css/bootstrap-theme.min.css [36m304 [0m4.249 ms - -[0m
[0mGET /public/vendor-a8e3834f619fa21a78e4.min.js [36m304 [0m1.741 ms - -[0m
[0mGET /public/database-167b4c87caec78f060c1.min.js [36m304 [0m0.317 ms - -[0m
[0mGET /public/img/mongo-express-logo.png [36m304 [0m0.624 ms - -[0m
[0mGET /public/img/gears.gif [36m304 [0m0.426 ms - -[0m
[0mGET /public/fonts/glyphicons-halflings-regular.woff2 [36m304 [0m0.320 ms - -[0m
[0mPOST /db/local/ [36m302 [0m24.499 ms - 74[0m
[0mGET /db/local/Users [32m200 [0m46.893 ms - 16309[0m
[0mGET /public/css/bootstrap.min.css [36m304 [0m1.596 ms - -[0m
[0mGET /public/css/bootstrap-theme.min.css [36m304 [0m1.710 ms - -[0m
[0mGET /public/css/style.css [36m304 [0m1.650 ms - -[0m
[0mGET /public/css/codemirror.css [32m200 [0m5.345 ms - 8217[0m
[0mGET /public/css/theme/rubyblue.css [32m200 [0m4.580 ms - 1772[0m
[0mGET /public/vendor-a8e3834f619fa21a78e4.min.js [36m304 [0m0.360 ms - -[0m
[0mGET /public/codemirror-1cf5d807764f361f5011.min.js [32m200 [0m0.765 ms - 175943[0m
[0mGET /public/collection-53df18a66d73c5cac5c3.min.js [32m200 [0m0.667 ms - 9432[0m
[0mGET /public/img/mongo-express-logo.png [36m304 [0m0.357 ms - -[0m
[0mGET /public/img/gears.gif [36m304 [0m1.002 ms - -[0m
[0mGET /public/fonts/glyphicons-halflings-regular.woff2 [36m304 [0m0.336 ms - -[0m
evalmachine.<anonymous>:5
          pass: ;'pass',
                ^

SyntaxError: Unexpected token ;
    at createScript (vm.js:80:10)
    at Object.runInNewContext (vm.js:135:10)
    at Object.exports.toBSON (/usr/lib/node_modules/mongo-express/lib/bson.js:60:6)
    at exp.checkValid (/usr/lib/node_modules/mongo-express/lib/routes/document.js:30:12)
    at Layer.handle [as handle_request] (/usr/lib/node_modules/mongo-express/node_modules/express/lib/router/layer.js:95:5)
    at next (/usr/lib/node_modules/mongo-express/node_modules/express/lib/router/route.js:131:13)
    at mongoMiddleware (/usr/lib/node_modules/mongo-express/lib/router.js:282:5)
    at Layer.handle [as handle_request] (/usr/lib/node_modules/mongo-express/node_modules/express/lib/router/layer.js:95:5)
    at next (/usr/lib/node_modules/mongo-express/node_modules/express/lib/router/route.js:131:13)
    at Route.dispatch (/usr/lib/node_modules/mongo-express/node_modules/express/lib/router/route.js:112:3)
[0mPOST /checkValid [32m200 [0m6.218 ms - 7[0m
evalmachine.<anonymous>:5
          pass: ;'pass',
                ^

SyntaxError: Unexpected token ;
    at createScript (vm.js:80:10)
    at Object.runInNewContext (vm.js:135:10)
    at Object.exports.toBSON (/usr/lib/node_modules/mongo-express/lib/bson.js:60:6)
    at exp.checkValid (/usr/lib/node_modules/mongo-express/lib/routes/document.js:30:12)
    at Layer.handle [as handle_request] (/usr/lib/node_modules/mongo-express/node_modules/express/lib/router/layer.js:95:5)
    at next (/usr/lib/node_modules/mongo-express/node_modules/express/lib/router/route.js:131:13)
    at mongoMiddleware (/usr/lib/node_modules/mongo-express/lib/router.js:282:5)
    at Layer.handle [as handle_request] (/usr/lib/node_modules/mongo-express/node_modules/express/lib/router/layer.js:95:5)
    at next (/usr/lib/node_modules/mongo-express/node_modules/express/lib/router/route.js:131:13)
    at Route.dispatch (/usr/lib/node_modules/mongo-express/node_modules/express/lib/router/route.js:112:3)
[0mPOST /checkValid [32m200 [0m10.169 ms - 7[0m
evalmachine.<anonymous>:5
          pass: ;'pass',
                ^

SyntaxError: Unexpected token ;
    at createScript (vm.js:80:10)
    at Object.runInNewContext (vm.js:135:10)
    at Object.exports.toBSON (/usr/lib/node_modules/mongo-express/lib/bson.js:60:6)
    at exp.checkValid (/usr/lib/node_modules/mongo-express/lib/routes/document.js:30:12)
    at Layer.handle [as handle_request] (/usr/lib/node_modules/mongo-express/node_modules/express/lib/router/layer.js:95:5)
    at next (/usr/lib/node_modules/mongo-express/node_modules/express/lib/router/route.js:131:13)
    at mongoMiddleware (/usr/lib/node_modules/mongo-express/lib/router.js:282:5)
    at Layer.handle [as handle_request] (/usr/lib/node_modules/mongo-express/node_modules/express/lib/router/layer.js:95:5)
    at next (/usr/lib/node_modules/mongo-express/node_modules/express/lib/router/route.js:131:13)
    at Route.dispatch (/usr/lib/node_modules/mongo-express/node_modules/express/lib/router/route.js:112:3)
[0mPOST /checkValid [32m200 [0m2.660 ms - 7[0m
evalmachine.<anonymous>:5
          pass: ;'pass',
                ^

SyntaxError: Unexpected token ;
    at createScript (vm.js:80:10)
    at Object.runInNewContext (vm.js:135:10)
    at Object.exports.toBSON (/usr/lib/node_modules/mongo-express/lib/bson.js:60:6)
    at exp.checkValid (/usr/lib/node_modules/mongo-express/lib/routes/document.js:30:12)
    at Layer.handle [as handle_request] (/usr/lib/node_modules/mongo-express/node_modules/express/lib/router/layer.js:95:5)
    at next (/usr/lib/node_modules/mongo-express/node_modules/express/lib/router/route.js:131:13)
    at mongoMiddleware (/usr/lib/node_modules/mongo-express/lib/router.js:282:5)
    at Layer.handle [as handle_request] (/usr/lib/node_modules/mongo-express/node_modules/express/lib/router/layer.js:95:5)
    at next (/usr/lib/node_modules/mongo-express/node_modules/express/lib/router/route.js:131:13)
    at Route.dispatch (/usr/lib/node_modules/mongo-express/node_modules/express/lib/router/route.js:112:3)
[0mPOST /checkValid [32m200 [0m1.415 ms - 7[0m
evalmachine.<anonymous>:5
          pass: ;'pass',
                ^

SyntaxError: Unexpected token ;
    at createScript (vm.js:80:10)
    at Object.runInNewContext (vm.js:135:10)
    at Object.exports.toBSON (/usr/lib/node_modules/mongo-express/lib/bson.js:60:6)
    at exp.checkValid (/usr/lib/node_modules/mongo-express/lib/routes/document.js:30:12)
    at Layer.handle [as handle_request] (/usr/lib/node_modules/mongo-express/node_modules/express/lib/router/layer.js:95:5)
    at next (/usr/lib/node_modules/mongo-express/node_modules/express/lib/router/route.js:131:13)
    at mongoMiddleware (/usr/lib/node_modules/mongo-express/lib/router.js:282:5)
    at Layer.handle [as handle_request] (/usr/lib/node_modules/mongo-express/node_modules/express/lib/router/layer.js:95:5)
    at next (/usr/lib/node_modules/mongo-express/node_modules/express/lib/router/route.js:131:13)
    at Route.dispatch (/usr/lib/node_modules/mongo-express/node_modules/express/lib/router/route.js:112:3)
[0mPOST /checkValid [32m200 [0m7.266 ms - 7[0m
evalmachine.<anonymous>:5
          pass: ;'pass',
                ^

SyntaxError: Unexpected token ;
    at createScript (vm.js:80:10)
    at Object.runInNewContext (vm.js:135:10)
    at Object.exports.toBSON (/usr/lib/node_modules/mongo-express/lib/bson.js:60:6)
    at exp.checkValid (/usr/lib/node_modules/mongo-express/lib/routes/document.js:30:12)
    at Layer.handle [as handle_request] (/usr/lib/node_modules/mongo-express/node_modules/express/lib/router/layer.js:95:5)
    at next (/usr/lib/node_modules/mongo-express/node_modules/express/lib/router/route.js:131:13)
    at mongoMiddleware (/usr/lib/node_modules/mongo-express/lib/router.js:282:5)
    at Layer.handle [as handle_request] (/usr/lib/node_modules/mongo-express/node_modules/express/lib/router/layer.js:95:5)
    at next (/usr/lib/node_modules/mongo-express/node_modules/express/lib/router/route.js:131:13)
    at Route.dispatch (/usr/lib/node_modules/mongo-express/node_modules/express/lib/router/route.js:112:3)
[0mPOST /checkValid [32m200 [0m3.455 ms - 7[0m
evalmachine.<anonymous>:5
          pass: ;'pass',
                ^

SyntaxError: Unexpected token ;
    at createScript (vm.js:80:10)
    at Object.runInNewContext (vm.js:135:10)
    at Object.exports.toBSON (/usr/lib/node_modules/mongo-express/lib/bson.js:60:6)
    at exp.checkValid (/usr/lib/node_modules/mongo-express/lib/routes/document.js:30:12)
    at Layer.handle [as handle_request] (/usr/lib/node_modules/mongo-express/node_modules/express/lib/router/layer.js:95:5)
    at next (/usr/lib/node_modules/mongo-express/node_modules/express/lib/router/route.js:131:13)
    at mongoMiddleware (/usr/lib/node_modules/mongo-express/lib/router.js:282:5)
    at Layer.handle [as handle_request] (/usr/lib/node_modules/mongo-express/node_modules/express/lib/router/layer.js:95:5)
    at next (/usr/lib/node_modules/mongo-express/node_modules/express/lib/router/route.js:131:13)
    at Route.dispatch (/usr/lib/node_modules/mongo-express/node_modules/express/lib/router/route.js:112:3)
[0mPOST /checkValid [32m200 [0m2.533 ms - 7[0m
evalmachine.<anonymous>:4
          pass: ;'pass',
                ^

SyntaxError: Unexpected token ;
    at createScript (vm.js:80:10)
    at Object.runInNewContext (vm.js:135:10)
    at Object.exports.toBSON (/usr/lib/node_modules/mongo-express/lib/bson.js:60:6)
    at exp.checkValid (/usr/lib/node_modules/mongo-express/lib/routes/document.js:30:12)
    at Layer.handle [as handle_request] (/usr/lib/node_modules/mongo-express/node_modules/express/lib/router/layer.js:95:5)
    at next (/usr/lib/node_modules/mongo-express/node_modules/express/lib/router/route.js:131:13)
    at mongoMiddleware (/usr/lib/node_modules/mongo-express/lib/router.js:282:5)
    at Layer.handle [as handle_request] (/usr/lib/node_modules/mongo-express/node_modules/express/lib/router/layer.js:95:5)
    at next (/usr/lib/node_modules/mongo-express/node_modules/express/lib/router/route.js:131:13)
    at Route.dispatch (/usr/lib/node_modules/mongo-express/node_modules/express/lib/router/route.js:112:3)
[0mPOST /checkValid [32m200 [0m3.261 ms - 7[0m
[0mPOST /checkValid [32m200 [0m3.756 ms - 5[0m
[0mPOST /db/local/Users [36m302 [0m11.250 ms - 74[0m
[0mGET /db/local/Users [32m200 [0m47.260 ms - 20213[0m
[0mGET /public/css/bootstrap.min.css [36m304 [0m1.993 ms - -[0m
[0mGET /public/css/bootstrap-theme.min.css [36m304 [0m1.962 ms - -[0m
[0mGET /public/css/style.css [36m304 [0m1.798 ms - -[0m
[0mGET /public/css/codemirror.css [36m304 [0m1.707 ms - -[0m
[0mGET /public/css/theme/rubyblue.css [36m304 [0m1.668 ms - -[0m
[0mGET /public/vendor-a8e3834f619fa21a78e4.min.js [36m304 [0m2.795 ms - -[0m
[0mGET /public/codemirror-1cf5d807764f361f5011.min.js [36m304 [0m1.412 ms - -[0m
[0mGET /public/collection-53df18a66d73c5cac5c3.min.js [36m304 [0m1.618 ms - -[0m
[0mGET /public/img/mongo-express-logo.png [36m304 [0m0.363 ms - -[0m
[0mGET /public/img/gears.gif [36m304 [0m0.331 ms - -[0m
[0mGET /public/fonts/glyphicons-halflings-regular.woff2 [36m304 [0m0.419 ms - -[0m
[0mGET /db/local/ [32m200 [0m20.777 ms - 9426[0m
[0mGET /public/css/bootstrap-theme.min.css [36m304 [0m1.576 ms - -[0m
[0mGET /public/css/bootstrap.min.css [36m304 [0m1.509 ms - -[0m
[0mGET /public/css/style.css [36m304 [0m1.432 ms - -[0m
[0mGET /public/vendor-a8e3834f619fa21a78e4.min.js [36m304 [0m0.370 ms - -[0m
[0mGET /public/database-167b4c87caec78f060c1.min.js [36m304 [0m0.311 ms - -[0m
[0mGET /public/img/mongo-express-logo.png [36m304 [0m0.854 ms - -[0m
[0mGET /public/img/gears.gif [36m304 [0m0.336 ms - -[0m
[0mGET /public/fonts/glyphicons-halflings-regular.woff2 [36m304 [0m0.349 ms - -[0m
[0mPOST /db/local/ [36m302 [0m17.274 ms - 74[0m
[0mGET /db/local/Goals [32m200 [0m42.272 ms - 16367[0m
[0mGET /public/css/bootstrap.min.css [36m304 [0m0.923 ms - -[0m
[0mGET /public/css/bootstrap-theme.min.css [36m304 [0m1.865 ms - -[0m
[0mGET /public/css/style.css [36m304 [0m1.296 ms - -[0m
[0mGET /public/css/codemirror.css [36m304 [0m1.176 ms - -[0m
[0mGET /public/css/theme/rubyblue.css [36m304 [0m1.171 ms - -[0m
[0mGET /public/vendor-a8e3834f619fa21a78e4.min.js [36m304 [0m0.491 ms - -[0m
[0mGET /public/codemirror-1cf5d807764f361f5011.min.js [36m304 [0m0.334 ms - -[0m
[0mGET /public/collection-53df18a66d73c5cac5c3.min.js [36m304 [0m1.406 ms - -[0m
[0mGET /public/img/mongo-express-logo.png [36m304 [0m0.363 ms - -[0m
[0mGET /public/img/gears.gif [36m304 [0m0.372 ms - -[0m
[0mGET /public/fonts/glyphicons-halflings-regular.woff2 [36m304 [0m0.262 ms - -[0m
evalmachine.<anonymous>:3
        title: 'To get an A at English',
        ^^^^^

SyntaxError: Unexpected identifier
    at createScript (vm.js:80:10)
    at Object.runInNewContext (vm.js:135:10)
    at Object.exports.toBSON (/usr/lib/node_modules/mongo-express/lib/bson.js:60:6)
    at exp.checkValid (/usr/lib/node_modules/mongo-express/lib/routes/document.js:30:12)
    at Layer.handle [as handle_request] (/usr/lib/node_modules/mongo-express/node_modules/express/lib/router/layer.js:95:5)
    at next (/usr/lib/node_modules/mongo-express/node_modules/express/lib/router/route.js:131:13)
    at mongoMiddleware (/usr/lib/node_modules/mongo-express/lib/router.js:282:5)
    at Layer.handle [as handle_request] (/usr/lib/node_modules/mongo-express/node_modules/express/lib/router/layer.js:95:5)
    at next (/usr/lib/node_modules/mongo-express/node_modules/express/lib/router/route.js:131:13)
    at Route.dispatch (/usr/lib/node_modules/mongo-express/node_modules/express/lib/router/route.js:112:3)
[0mPOST /checkValid [32m200 [0m3.085 ms - 7[0m
[0mPOST /checkValid [32m200 [0m1.760 ms - 5[0m
[0mPOST /db/local/Goals [36m302 [0m6.589 ms - 74[0m
[0mGET /db/local/Goals [32m200 [0m46.508 ms - 19454[0m
[0mGET /public/css/bootstrap.min.css [36m304 [0m3.930 ms - -[0m
[0mGET /public/css/bootstrap-theme.min.css [36m304 [0m3.867 ms - -[0m
[0mGET /public/css/style.css [36m304 [0m3.498 ms - -[0m
[0mGET /public/css/codemirror.css [36m304 [0m3.287 ms - -[0m
[0mGET /public/css/theme/rubyblue.css [36m304 [0m3.172 ms - -[0m
[0mGET /public/vendor-a8e3834f619fa21a78e4.min.js [36m304 [0m0.335 ms - -[0m
[0mGET /public/codemirror-1cf5d807764f361f5011.min.js [36m304 [0m6.365 ms - -[0m
[0mGET /public/collection-53df18a66d73c5cac5c3.min.js [36m304 [0m0.324 ms - -[0m
[0mGET /public/img/mongo-express-logo.png [36m304 [0m0.944 ms - -[0m
[0mGET /public/img/gears.gif [36m304 [0m4.746 ms - -[0m
[0mGET /public/fonts/glyphicons-halflings-regular.woff2 [36m304 [0m0.939 ms - -[0m
[0mGET /db/local/Users [32m200 [0m45.422 ms - 20110[0m
[0mGET /public/css/bootstrap.min.css [36m304 [0m0.460 ms - -[0m
[0mGET /public/css/bootstrap-theme.min.css [36m304 [0m14.970 ms - -[0m
[0mGET /public/css/style.css [36m304 [0m15.032 ms - -[0m
[0mGET /public/css/codemirror.css [36m304 [0m10.420 ms - -[0m
[0mGET /public/css/theme/rubyblue.css [36m304 [0m10.399 ms - -[0m
[0mGET /public/vendor-a8e3834f619fa21a78e4.min.js [36m304 [0m0.279 ms - -[0m
[0mGET /public/codemirror-1cf5d807764f361f5011.min.js [36m304 [0m0.231 ms - -[0m
[0mGET /public/collection-53df18a66d73c5cac5c3.min.js [36m304 [0m0.317 ms - -[0m
[0mGET /public/img/mongo-express-logo.png [36m304 [0m0.349 ms - -[0m
[0mGET /public/img/gears.gif [36m304 [0m0.273 ms - -[0m
[0mGET /public/fonts/glyphicons-halflings-regular.woff2 [36m304 [0m0.246 ms - -[0m
[0mGET /db/local/Users/%25225adcefbaed9d970d42d33d65%2522 [32m200 [0m19.548 ms - 5785[0m
[0mGET /public/css/bootstrap.min.css [36m304 [0m1.765 ms - -[0m
[0mGET /public/css/bootstrap-theme.min.css [36m304 [0m1.686 ms - -[0m
[0mGET /public/css/style.css [36m304 [0m1.594 ms - -[0m
[0mGET /public/css/codemirror.css [36m304 [0m1.517 ms - -[0m
[0mGET /public/css/theme/rubyblue.css [36m304 [0m3.057 ms - -[0m
[0mGET /public/vendor-a8e3834f619fa21a78e4.min.js [36m304 [0m0.297 ms - -[0m
[0mGET /public/codemirror-1cf5d807764f361f5011.min.js [36m304 [0m0.296 ms - -[0m
[0mGET /public/document-14c5429f8bb0330baeef.min.js [32m200 [0m2.015 ms - 1607[0m
[0mGET /public/img/mongo-express-logo.png [36m304 [0m0.317 ms - -[0m
[0mGET /public/img/gears.gif [36m304 [0m0.350 ms - -[0m
[0mGET /public/fonts/glyphicons-halflings-regular.woff2 [36m304 [0m0.255 ms - -[0m
[0mGET /db/local/Goals/%25225adcf00ced9d970d42d33d67%2522 [32m200 [0m28.306 ms - 5774[0m
[0mGET /public/css/bootstrap.min.css [36m304 [0m0.385 ms - -[0m
[0mGET /public/css/style.css [36m304 [0m6.125 ms - -[0m
[0mGET /public/css/bootstrap-theme.min.css [36m304 [0m0.883 ms - -[0m
[0mGET /public/css/codemirror.css [36m304 [0m0.899 ms - -[0m
[0mGET /public/css/theme/rubyblue.css [36m304 [0m3.221 ms - -[0m
[0mGET /public/vendor-a8e3834f619fa21a78e4.min.js [36m304 [0m0.340 ms - -[0m
[0mGET /public/codemirror-1cf5d807764f361f5011.min.js [36m304 [0m0.291 ms - -[0m
[0mGET /public/document-14c5429f8bb0330baeef.min.js [36m304 [0m0.293 ms - -[0m
[0mGET /public/img/mongo-express-logo.png [36m304 [0m0.329 ms - -[0m
[0mGET /public/img/gears.gif [36m304 [0m0.248 ms - -[0m
[0mGET /public/fonts/glyphicons-halflings-regular.woff2 [36m304 [0m0.322 ms - -[0m
[0mGET /public/css/bootstrap.min.css [36m304 [0m2.582 ms - -[0m
[0mGET /public/css/bootstrap-theme.min.css [36m304 [0m1.961 ms - -[0m
[0mGET /public/css/style.css [36m304 [0m1.822 ms - -[0m
[0mGET /public/css/codemirror.css [36m304 [0m1.741 ms - -[0m
[0mGET /public/css/theme/rubyblue.css [36m304 [0m1.706 ms - -[0m
[0mGET /public/css/bootstrap-theme.min.css.map [32m200 [0m6.652 ms - 25648[0m
[0mGET /public/css/bootstrap.min.css.map [32m200 [0m6.780 ms - 542194[0m
[0mGET /db/local/Goals/%25225adcf00ced9d970d42d33d67%2522 [36m304 [0m12.942 ms - -[0m
[0mGET /public/css/bootstrap.min.css [36m304 [0m2.453 ms - -[0m
[0mGET /public/css/bootstrap-theme.min.css [36m304 [0m2.131 ms - -[0m
[0mGET /public/css/style.css [36m304 [0m2.107 ms - -[0m
[0mGET /public/css/codemirror.css [36m304 [0m2.060 ms - -[0m
[0mGET /public/css/theme/rubyblue.css [36m304 [0m1.993 ms - -[0m
[0mGET /public/vendor-a8e3834f619fa21a78e4.min.js [36m304 [0m0.318 ms - -[0m
[0mGET /public/codemirror-1cf5d807764f361f5011.min.js [36m304 [0m0.898 ms - -[0m
[0mGET /public/document-14c5429f8bb0330baeef.min.js [36m304 [0m0.326 ms - -[0m
[0mGET /public/img/mongo-express-logo.png [36m304 [0m0.442 ms - -[0m
[0mGET /public/img/gears.gif [36m304 [0m0.304 ms - -[0m
[0mGET /public/fonts/glyphicons-halflings-regular.woff2 [36m304 [0m0.531 ms - -[0m
[0mGET /db/local/Goals [32m200 [0m43.725 ms - 19293[0m
[0mGET /public/css/bootstrap.min.css [36m304 [0m0.667 ms - -[0m
[0mGET /public/css/bootstrap-theme.min.css [36m304 [0m14.846 ms - -[0m
[0mGET /public/css/style.css [36m304 [0m2.529 ms - -[0m
[0mGET /public/css/codemirror.css [36m304 [0m2.138 ms - -[0m
[0mGET /public/css/theme/rubyblue.css [36m304 [0m2.069 ms - -[0m
[0mGET /public/vendor-a8e3834f619fa21a78e4.min.js [36m304 [0m0.263 ms - -[0m
[0mGET /public/codemirror-1cf5d807764f361f5011.min.js [36m304 [0m0.226 ms - -[0m
[0mGET /public/collection-53df18a66d73c5cac5c3.min.js [36m304 [0m1.295 ms - -[0m
[0mGET /public/img/mongo-express-logo.png [36m304 [0m0.237 ms - -[0m
[0mGET /public/img/gears.gif [36m304 [0m0.247 ms - -[0m
[0mGET /public/fonts/glyphicons-halflings-regular.woff2 [36m304 [0m0.312 ms - -[0m
